#! /usr/local/bin/vvp
:ivl_version "12.0 (stable)";
:ivl_delay_selection "TYPICAL";
:vpi_time_precision + 0;
:vpi_module "/usr/local/lib/ivl/system.vpi";
:vpi_module "/usr/local/lib/ivl/vhdl_sys.vpi";
:vpi_module "/usr/local/lib/ivl/vhdl_textio.vpi";
:vpi_module "/usr/local/lib/ivl/v2005_math.vpi";
:vpi_module "/usr/local/lib/ivl/va_math.vpi";
:vpi_module "/usr/local/lib/ivl/v2009.vpi";
S_0x217605f0 .scope package, "$unit" "$unit" 2 1;
 .timescale 0 0;
S_0x21760780 .scope module, "tb_ring_counter" "tb_ring_counter" 3 1;
 .timescale 0 0;
v0x217733c0_0 .var "clk", 0 0;
v0x21773490_0 .net "out", 3 0, v0x21773190_0;  1 drivers
v0x21773560_0 .var "reset", 0 0;
S_0x2173b580 .scope module, "uut" "ring_counter" 3 5, 4 1 0, S_0x21760780;
 .timescale 0 0;
    .port_info 0 /INPUT 1 "clk";
    .port_info 1 /INPUT 1 "reset";
    .port_info 2 /OUTPUT 4 "out";
v0x21760fd0_0 .net "clk", 0 0, v0x217733c0_0;  1 drivers
v0x21773190_0 .var "out", 3 0;
v0x21773270_0 .net "reset", 0 0, v0x21773560_0;  1 drivers
E_0x2173b7b0 .event posedge, v0x21773270_0, v0x21760fd0_0;
    .scope S_0x2173b580;
T_0 ;
    %wait E_0x2173b7b0;
    %load/vec4 v0x21773270_0;
    %flag_set/vec4 8;
    %jmp/0xz  T_0.0, 8;
    %pushi/vec4 8, 0, 4;
    %assign/vec4 v0x21773190_0, 0;
    %jmp T_0.1;
T_0.0 ;
    %load/vec4 v0x21773190_0;
    %parti/s 3, 0, 2;
    %load/vec4 v0x21773190_0;
    %parti/s 1, 3, 3;
    %concat/vec4; draw_concat_vec4
    %assign/vec4 v0x21773190_0, 0;
T_0.1 ;
    %jmp T_0;
    .thread T_0;
    .scope S_0x21760780;
T_1 ;
    %pushi/vec4 0, 0, 1;
    %store/vec4 v0x217733c0_0, 0, 1;
T_1.0 ;
    %delay 5, 0;
    %load/vec4 v0x217733c0_0;
    %inv;
    %store/vec4 v0x217733c0_0, 0, 1;
    %jmp T_1.0;
    %end;
    .thread T_1;
    .scope S_0x21760780;
T_2 ;
    %pushi/vec4 1, 0, 1;
    %store/vec4 v0x21773560_0, 0, 1;
    %delay 10, 0;
    %pushi/vec4 0, 0, 1;
    %store/vec4 v0x21773560_0, 0, 1;
    %delay 100, 0;
    %vpi_call/w 3 19 "$finish" {0 0 0};
    %end;
    .thread T_2;
    .scope S_0x21760780;
T_3 ;
    %vpi_call/w 3 23 "$dumpfile", "ring_counter.vcd" {0 0 0};
    %vpi_call/w 3 24 "$dumpvars" {0 0 0};
    %vpi_call/w 3 25 "$monitor", "Time = %0d : out = %b", $time, v0x21773490_0 {0 0 0};
    %end;
    .thread T_3;
# The file index is used to find the file name in the following table.
:file_names 5;
    "N/A";
    "<interactive>";
    "-";
    "testbench.sv";
    "design.sv";
